<?xml version="1.0" encoding="UTF-8"?>
<testng-results ignored="0" total="8" passed="8" failed="0" skipped="0">
  <reporter-output>
  </reporter-output>
  <suite started-at="2026-01-14T15:54:58 IST" name="Default suite" finished-at="2026-01-14T15:55:07 IST" duration-ms="9154">
    <groups>
    </groups>
    <test started-at="2026-01-14T15:54:58 IST" name="Default test" finished-at="2026-01-14T15:55:07 IST" duration-ms="9154">
      <class name="tests.test">
        <test-method is-config="true" signature="setup()[pri:0, instance:tests.test@3754a4bf]" started-at="2026-01-14T15:54:58 IST" name="setup" finished-at="2026-01-14T15:54:59 IST" duration-ms="352" status="PASS">
          <reporter-output>
          </reporter-output>
        </test-method> <!-- setup -->
        <test-method signature="printPropertyIds(java.util.Map)[pri:1, instance:tests.test@3754a4bf]" started-at="2026-01-14T15:54:59 IST" name="printPropertyIds" data-provider="searchPayloadData" finished-at="2026-01-14T15:55:02 IST" duration-ms="2764" status="PASS">
          <params>
            <param index="0">
              <value>
                <![CDATA[{bedrooms=11701.0, city=6403.0, inputListings=A, propertyType=10002, 10003, pType=10002, 10003, category=S, budgetMax=5000000.0, budgetMin=500000.0}]]>
              </value>
            </param>
          </params>
          <reporter-output>
          </reporter-output>
        </test-method> <!-- printPropertyIds -->
        <test-method signature="printPropertyIds(java.util.Map)[pri:1, instance:tests.test@3754a4bf]" started-at="2026-01-14T15:55:02 IST" name="printPropertyIds" data-provider="searchPayloadData" finished-at="2026-01-14T15:55:03 IST" duration-ms="625" status="PASS">
          <params>
            <param index="0">
              <value>
                <![CDATA[{bedrooms=11702.0, city=6146.0, inputListings=I, propertyType=10002.0, pType=10002.0, category=S, budgetMax=1.0E7, budgetMin=1000000.0}]]>
              </value>
            </param>
          </params>
          <reporter-output>
          </reporter-output>
        </test-method> <!-- printPropertyIds -->
        <test-method signature="validateMandatoryFields(java.util.Map)[pri:2, instance:tests.test@3754a4bf]" started-at="2026-01-14T15:55:03 IST" name="validateMandatoryFields" data-provider="searchPayloadData" finished-at="2026-01-14T15:55:03 IST" duration-ms="653" status="PASS">
          <params>
            <param index="0">
              <value>
                <![CDATA[{bedrooms=11701.0, city=6403.0, inputListings=A, propertyType=10002, 10003, pType=10002, 10003, category=S, budgetMax=5000000.0, budgetMin=500000.0}]]>
              </value>
            </param>
          </params>
          <reporter-output>
          </reporter-output>
        </test-method> <!-- validateMandatoryFields -->
        <test-method signature="validateMandatoryFields(java.util.Map)[pri:2, instance:tests.test@3754a4bf]" started-at="2026-01-14T15:55:03 IST" name="validateMandatoryFields" data-provider="searchPayloadData" finished-at="2026-01-14T15:55:04 IST" duration-ms="758" status="PASS">
          <params>
            <param index="0">
              <value>
                <![CDATA[{bedrooms=11702.0, city=6146.0, inputListings=I, propertyType=10002.0, pType=10002.0, category=S, budgetMax=1.0E7, budgetMin=1000000.0}]]>
              </value>
            </param>
          </params>
          <reporter-output>
          </reporter-output>
        </test-method> <!-- validateMandatoryFields -->
        <test-method signature="validatePriceRange(java.util.Map)[pri:3, instance:tests.test@3754a4bf]" started-at="2026-01-14T15:55:04 IST" name="validatePriceRange" data-provider="searchPayloadData" finished-at="2026-01-14T15:55:05 IST" duration-ms="464" status="PASS">
          <params>
            <param index="0">
              <value>
                <![CDATA[{bedrooms=11701.0, city=6403.0, inputListings=A, propertyType=10002, 10003, pType=10002, 10003, category=S, budgetMax=5000000.0, budgetMin=500000.0}]]>
              </value>
            </param>
          </params>
          <reporter-output>
          </reporter-output>
        </test-method> <!-- validatePriceRange -->
        <test-method signature="validatePriceRange(java.util.Map)[pri:3, instance:tests.test@3754a4bf]" started-at="2026-01-14T15:55:05 IST" name="validatePriceRange" data-provider="searchPayloadData" finished-at="2026-01-14T15:55:06 IST" duration-ms="926" status="PASS">
          <params>
            <param index="0">
              <value>
                <![CDATA[{bedrooms=11702.0, city=6146.0, inputListings=I, propertyType=10002.0, pType=10002.0, category=S, budgetMax=1.0E7, budgetMin=1000000.0}]]>
              </value>
            </param>
          </params>
          <reporter-output>
          </reporter-output>
        </test-method> <!-- validatePriceRange -->
        <test-method signature="validateFormattedPrice(java.util.Map)[pri:4, instance:tests.test@3754a4bf]" started-at="2026-01-14T15:55:06 IST" name="validateFormattedPrice" data-provider="searchPayloadData" finished-at="2026-01-14T15:55:07 IST" duration-ms="1035" status="PASS">
          <params>
            <param index="0">
              <value>
                <![CDATA[{bedrooms=11701.0, city=6403.0, inputListings=A, propertyType=10002, 10003, pType=10002, 10003, category=S, budgetMax=5000000.0, budgetMin=500000.0}]]>
              </value>
            </param>
          </params>
          <reporter-output>
          </reporter-output>
        </test-method> <!-- validateFormattedPrice -->
        <test-method signature="validateFormattedPrice(java.util.Map)[pri:4, instance:tests.test@3754a4bf]" started-at="2026-01-14T15:55:07 IST" name="validateFormattedPrice" data-provider="searchPayloadData" finished-at="2026-01-14T15:55:07 IST" duration-ms="654" status="PASS">
          <params>
            <param index="0">
              <value>
                <![CDATA[{bedrooms=11702.0, city=6146.0, inputListings=I, propertyType=10002.0, pType=10002.0, category=S, budgetMax=1.0E7, budgetMin=1000000.0}]]>
              </value>
            </param>
          </params>
          <reporter-output>
          </reporter-output>
        </test-method> <!-- validateFormattedPrice -->
      </class> <!-- tests.test -->
    </test> <!-- Default test -->
  </suite> <!-- Default suite -->
</testng-results>
