<?xml version="1.0" encoding="UTF-8"?>
<testng-results ignored="0" total="8" passed="8" failed="0" skipped="0">
  <reporter-output>
  </reporter-output>
  <suite started-at="2026-01-14T14:55:19 IST" name="Default suite" finished-at="2026-01-14T14:55:28 IST" duration-ms="8980">
    <groups>
    </groups>
    <test started-at="2026-01-14T14:55:19 IST" name="Default test" finished-at="2026-01-14T14:55:28 IST" duration-ms="8980">
      <class name="tests.test">
        <test-method is-config="true" signature="setup()[pri:0, instance:tests.test@3754a4bf]" started-at="2026-01-14T14:55:19 IST" name="setup" finished-at="2026-01-14T14:55:19 IST" duration-ms="359" status="PASS">
          <reporter-output>
          </reporter-output>
        </test-method> <!-- setup -->
        <test-method signature="printPropertyIds(java.util.Map)[pri:1, instance:tests.test@3754a4bf]" started-at="2026-01-14T14:55:20 IST" name="printPropertyIds" data-provider="searchPayloadData" finished-at="2026-01-14T14:55:23 IST" duration-ms="2901" status="PASS">
          <params>
            <param index="0">
              <value>
                <![CDATA[{bedrooms=11701.0, city=6403.0, inputListings=A, propertyType=10002, 10003, pType=10002, 10003, category=S, budgetMax=5000000.0, budgetMin=500000.0}]]>
              </value>
            </param>
          </params>
          <reporter-output>
          </reporter-output>
        </test-method> <!-- printPropertyIds -->
        <test-method signature="printPropertyIds(java.util.Map)[pri:1, instance:tests.test@3754a4bf]" started-at="2026-01-14T14:55:23 IST" name="printPropertyIds" data-provider="searchPayloadData" finished-at="2026-01-14T14:55:23 IST" duration-ms="771" status="PASS">
          <params>
            <param index="0">
              <value>
                <![CDATA[{bedrooms=11702.0, city=6146.0, inputListings=I, propertyType=10002.0, pType=10002.0, category=S, budgetMax=1.0E7, budgetMin=1000000.0}]]>
              </value>
            </param>
          </params>
          <reporter-output>
          </reporter-output>
        </test-method> <!-- printPropertyIds -->
        <test-method signature="validateMandatoryFields(java.util.Map)[pri:2, instance:tests.test@3754a4bf]" started-at="2026-01-14T14:55:23 IST" name="validateMandatoryFields" data-provider="searchPayloadData" finished-at="2026-01-14T14:55:24 IST" duration-ms="579" status="PASS">
          <params>
            <param index="0">
              <value>
                <![CDATA[{bedrooms=11701.0, city=6403.0, inputListings=A, propertyType=10002, 10003, pType=10002, 10003, category=S, budgetMax=5000000.0, budgetMin=500000.0}]]>
              </value>
            </param>
          </params>
          <reporter-output>
          </reporter-output>
        </test-method> <!-- validateMandatoryFields -->
        <test-method signature="validateMandatoryFields(java.util.Map)[pri:2, instance:tests.test@3754a4bf]" started-at="2026-01-14T14:55:24 IST" name="validateMandatoryFields" data-provider="searchPayloadData" finished-at="2026-01-14T14:55:25 IST" duration-ms="643" status="PASS">
          <params>
            <param index="0">
              <value>
                <![CDATA[{bedrooms=11702.0, city=6146.0, inputListings=I, propertyType=10002.0, pType=10002.0, category=S, budgetMax=1.0E7, budgetMin=1000000.0}]]>
              </value>
            </param>
          </params>
          <reporter-output>
          </reporter-output>
        </test-method> <!-- validateMandatoryFields -->
        <test-method signature="validatePriceRange(java.util.Map)[pri:3, instance:tests.test@3754a4bf]" started-at="2026-01-14T14:55:25 IST" name="validatePriceRange" data-provider="searchPayloadData" finished-at="2026-01-14T14:55:25 IST" duration-ms="668" status="PASS">
          <params>
            <param index="0">
              <value>
                <![CDATA[{bedrooms=11701.0, city=6403.0, inputListings=A, propertyType=10002, 10003, pType=10002, 10003, category=S, budgetMax=5000000.0, budgetMin=500000.0}]]>
              </value>
            </param>
          </params>
          <reporter-output>
          </reporter-output>
        </test-method> <!-- validatePriceRange -->
        <test-method signature="validatePriceRange(java.util.Map)[pri:3, instance:tests.test@3754a4bf]" started-at="2026-01-14T14:55:25 IST" name="validatePriceRange" data-provider="searchPayloadData" finished-at="2026-01-14T14:55:26 IST" duration-ms="913" status="PASS">
          <params>
            <param index="0">
              <value>
                <![CDATA[{bedrooms=11702.0, city=6146.0, inputListings=I, propertyType=10002.0, pType=10002.0, category=S, budgetMax=1.0E7, budgetMin=1000000.0}]]>
              </value>
            </param>
          </params>
          <reporter-output>
          </reporter-output>
        </test-method> <!-- validatePriceRange -->
        <test-method signature="validateFormattedPrice(java.util.Map)[pri:4, instance:tests.test@3754a4bf]" started-at="2026-01-14T14:55:26 IST" name="validateFormattedPrice" data-provider="searchPayloadData" finished-at="2026-01-14T14:55:27 IST" duration-ms="521" status="PASS">
          <params>
            <param index="0">
              <value>
                <![CDATA[{bedrooms=11701.0, city=6403.0, inputListings=A, propertyType=10002, 10003, pType=10002, 10003, category=S, budgetMax=5000000.0, budgetMin=500000.0}]]>
              </value>
            </param>
          </params>
          <reporter-output>
          </reporter-output>
        </test-method> <!-- validateFormattedPrice -->
        <test-method signature="validateFormattedPrice(java.util.Map)[pri:4, instance:tests.test@3754a4bf]" started-at="2026-01-14T14:55:27 IST" name="validateFormattedPrice" data-provider="searchPayloadData" finished-at="2026-01-14T14:55:28 IST" duration-ms="696" status="PASS">
          <params>
            <param index="0">
              <value>
                <![CDATA[{bedrooms=11702.0, city=6146.0, inputListings=I, propertyType=10002.0, pType=10002.0, category=S, budgetMax=1.0E7, budgetMin=1000000.0}]]>
              </value>
            </param>
          </params>
          <reporter-output>
          </reporter-output>
        </test-method> <!-- validateFormattedPrice -->
      </class> <!-- tests.test -->
    </test> <!-- Default test -->
  </suite> <!-- Default suite -->
</testng-results>
