<?xml version="1.0" encoding="UTF-8"?>
<!-- Generated by org.testng.reporters.JUnitReportReporter -->
<testsuite hostname="PS-LP-NOI-13497" failures="0" tests="8" name="tests.test" time="7.879" errors="0" timestamp="2026-01-14T15:55:07 IST" skipped="0">
  <testcase classname="tests.test" name="printPropertyIds" time="2.764"/>
  <testcase classname="tests.test" name="printPropertyIds" time="0.625"/>
  <testcase classname="tests.test" name="validateMandatoryFields" time="0.758"/>
  <testcase classname="tests.test" name="validateMandatoryFields" time="0.653"/>
  <testcase classname="tests.test" name="validatePriceRange" time="0.464"/>
  <testcase classname="tests.test" name="validatePriceRange" time="0.926"/>
  <testcase classname="tests.test" name="validateFormattedPrice" time="1.035"/>
  <testcase classname="tests.test" name="validateFormattedPrice" time="0.654"/>
</testsuite> <!-- tests.test -->
