<?xml version="1.0" encoding="UTF-8"?>
<!-- Generated by org.testng.reporters.JUnitXMLReporter -->
<testsuite ignored="0" hostname="PS-LP-NOI-13497" failures="0" tests="8" name="Default test" time="8.085" errors="0" timestamp="2026-01-14T17:38:34 IST">
  <testcase classname="tests.test" name="printPropertyIds" time="2.634"/>
  <testcase classname="tests.test" name="printPropertyIds" time="0.751"/>
  <testcase classname="tests.test" name="validateMandatoryFields" time="0.622"/>
  <testcase classname="tests.test" name="validateMandatoryFields" time="0.695"/>
  <testcase classname="tests.test" name="validatePriceRange" time="0.452"/>
  <testcase classname="tests.test" name="validatePriceRange" time="0.541"/>
  <testcase classname="tests.test" name="validateFormattedPrice" time="0.582"/>
  <testcase classname="tests.test" name="validateFormattedPrice" time="0.537"/>
</testsuite> <!-- Default test -->
