<?xml version="1.0" encoding="UTF-8"?>
<!-- Generated by org.testng.reporters.JUnitXMLReporter -->
<testsuite ignored="0" hostname="PS-LP-NOI-13497" failures="0" tests="8" name="Default test" time="8.98" errors="0" timestamp="2026-01-14T14:55:28 IST">
  <testcase classname="tests.test" name="printPropertyIds" time="2.901"/>
  <testcase classname="tests.test" name="printPropertyIds" time="0.771"/>
  <testcase classname="tests.test" name="validateMandatoryFields" time="0.579"/>
  <testcase classname="tests.test" name="validateMandatoryFields" time="0.643"/>
  <testcase classname="tests.test" name="validatePriceRange" time="0.668"/>
  <testcase classname="tests.test" name="validatePriceRange" time="0.913"/>
  <testcase classname="tests.test" name="validateFormattedPrice" time="0.521"/>
  <testcase classname="tests.test" name="validateFormattedPrice" time="0.696"/>
</testsuite> <!-- Default test -->
