<?xml version="1.0" encoding="UTF-8"?>
<!-- Generated by org.testng.reporters.JUnitXMLReporter -->
<testsuite ignored="0" hostname="PS-LP-NOI-13497" failures="0" tests="4" name="Default test" time="22.116" errors="0" timestamp="2025-12-22T12:55:48 IST">
  <testcase classname="tests.test" name="validateSearchAPIStatus" time="4.818"/>
  <testcase classname="tests.test" name="validateMandatoryFields" time="5.133"/>
  <testcase classname="tests.test" name="validatePriceCalculation" time="4.818"/>
  <testcase classname="tests.test" name="validatePriceFormatted" time="6.94"/>
</testsuite> <!-- Default test -->
